c:\users\jingnan\documents\github\switching_theory\starter_kit\debug\vc120.pdb
c:\users\jingnan\documents\github\switching_theory\starter_kit\debug\vc120.idb
c:\users\jingnan\documents\github\switching_theory\starter_kit\debug\assign1.obj
c:\users\jingnan\documents\github\switching_theory\starter_kit\debug\blif_reader.obj
c:\users\jingnan\documents\github\switching_theory\starter_kit\debug\common_types.obj
c:\users\jingnan\documents\github\switching_theory\starter_kit\debug\cubical_function_representation.obj
c:\users\jingnan\documents\github\switching_theory\starter_kit\debug\blif_parser.obj
c:\users\jingnan\documents\github\switching_theory\starter_kit\debug\blif_parser.tab.obj
c:\users\jingnan\documents\github\switching_theory\starter_kit\debug\assign1.ilk
c:\users\jingnan\documents\github\switching_theory\starter_kit\debug\assign1.exe
c:\users\jingnan\documents\github\switching_theory\starter_kit\debug\assign1.pdb
c:\users\jingnan\documents\github\switching_theory\starter_kit\debug\assign1.tlog\cl.command.1.tlog
c:\users\jingnan\documents\github\switching_theory\starter_kit\debug\assign1.tlog\cl.read.1.tlog
c:\users\jingnan\documents\github\switching_theory\starter_kit\debug\assign1.tlog\cl.write.1.tlog
c:\users\jingnan\documents\github\switching_theory\starter_kit\debug\assign1.tlog\custombuild.command.1.tlog
c:\users\jingnan\documents\github\switching_theory\starter_kit\debug\assign1.tlog\custombuild.read.1.tlog
c:\users\jingnan\documents\github\switching_theory\starter_kit\debug\assign1.tlog\custombuild.write.1.tlog
c:\users\jingnan\documents\github\switching_theory\starter_kit\debug\assign1.tlog\link.command.1.tlog
c:\users\jingnan\documents\github\switching_theory\starter_kit\debug\assign1.tlog\link.read.1.tlog
c:\users\jingnan\documents\github\switching_theory\starter_kit\debug\assign1.tlog\link.write.1.tlog
